2022-06-21 20:38:58:3858 - [31merror[39m: [31merro na conexão com MongoDB[39m
2022-06-21 20:39:31:3931 - [32minfo[39m: [32mConnected in MongoDB[39m
2022-06-21 20:39:31:3931 - [32minfo[39m: [32mlistening on 8081[39m
2022-06-21 21:27:29:2729 - [32minfo[39m: [32mConnected in MongoDB[39m
2022-06-21 21:27:29:2729 - [32minfo[39m: [32mlistening on 8081[39m
2022-06-21 21:27:54:2754 - [32minfo[39m: [32mConnected in MongoDB[39m
2022-06-21 21:27:55:2755 - [32minfo[39m: [32mlistening on 8081[39m
2022-06-21 21:28:33:2833 - [32minfo[39m: [32mConnected in MongoDB[39m
2022-06-21 21:28:33:2833 - [32minfo[39m: [32mlistening on 8081[39m
2022-06-21 21:29:51:2951 - [32minfo[39m: [32mConnected in MongoDB[39m
2022-06-21 21:29:51:2951 - [32minfo[39m: [32mlistening on 8081[39m
2022-06-21 21:29:54:2954 - [35mhttp[39m: [35mGET /api/ 200 8 - 1.985 ms[39m
[35m[39m
2022-06-21 21:31:17:3117 - [32minfo[39m: [32mConnected in MongoDB[39m
2022-06-21 21:31:17:3117 - [32minfo[39m: [32mlistening on 8081[39m
2022-06-21 21:31:39:3139 - [32minfo[39m: [32mConnected in MongoDB[39m
2022-06-21 21:31:39:3139 - [32minfo[39m: [32mlistening on 8081[39m
2022-06-21 21:31:40:3140 - [35mhttp[39m: [35mGET /api/ 200 8 - 3.535 ms[39m
[35m[39m
2022-06-21 21:31:43:3143 - [35mhttp[39m: [35mGET /api/ 200 8 - 0.385 ms[39m
[35m[39m
2022-06-21 21:31:44:3144 - [35mhttp[39m: [35mGET /api/ 200 8 - 0.286 ms[39m
[35m[39m
2022-06-21 21:32:55:3255 - [32minfo[39m: [32mConnected in MongoDB[39m
2022-06-21 21:32:55:3255 - [32minfo[39m: [32mlistening on 8081[39m
2022-06-22 17:43:57:4357 - [32minfo[39m: [32mConnected in MongoDB[39m
2022-06-22 17:43:58:4358 - [32minfo[39m: [32mlistening on 8081[39m
2022-06-22 17:56:40:5640 - [32minfo[39m: [32mConnected in MongoDB[39m
2022-06-22 17:56:40:5640 - [32minfo[39m: [32mlistening on 8081[39m
2022-06-22 17:57:15:5715 - [35mhttp[39m: [35mGET /api/ 200 8 - 1.994 ms[39m
[35m[39m
2022-06-22 17:57:18:5718 - [35mhttp[39m: [35mGET /api/ 200 8 - 0.577 ms[39m
[35m[39m
2022-06-22 17:57:47:5747 - [32minfo[39m: [32mConnected in MongoDB[39m
2022-06-22 17:57:47:5747 - [32minfo[39m: [32mlistening on 8081[39m
2022-06-22 17:58:24:5824 - [32minfo[39m: [32mConnected in MongoDB[39m
2022-06-22 17:58:24:5824 - [32minfo[39m: [32mlistening on 8081[39m
2022-06-22 17:58:57:5857 - [32minfo[39m: [32mConnected in MongoDB[39m
2022-06-22 17:58:57:5857 - [32minfo[39m: [32mlistening on 8081[39m
2022-06-22 17:59:57:5957 - [32minfo[39m: [32mConnected in MongoDB[39m
2022-06-22 17:59:57:5957 - [32minfo[39m: [32mlistening on 8081[39m
2022-06-22 18:00:53:053 - [32minfo[39m: [32mConnected in MongoDB[39m
2022-06-22 18:00:53:053 - [32minfo[39m: [32mlistening on 8081[39m
2022-06-22 18:01:10:110 - [32minfo[39m: [32mConnected in MongoDB[39m
2022-06-22 18:01:10:110 - [32minfo[39m: [32mlistening on 8081[39m
2022-06-22 18:01:58:158 - [32minfo[39m: [32mConnected in MongoDB[39m
2022-06-22 18:01:58:158 - [32minfo[39m: [32mlistening on 8081[39m
2022-06-22 18:03:22:322 - [32minfo[39m: [32mConnected in MongoDB[39m
2022-06-22 18:03:22:322 - [32minfo[39m: [32mlistening on 8081[39m
2022-06-22 18:08:30:830 - [32minfo[39m: [32mConnected in MongoDB[39m
2022-06-22 18:08:30:830 - [32minfo[39m: [32mlistening on 8081[39m
2022-06-22 18:08:47:847 - [32minfo[39m: [32mConnected in MongoDB[39m
2022-06-22 18:08:47:847 - [32minfo[39m: [32mlistening on 8081[39m
2022-06-22 18:14:20:1420 - [32minfo[39m: [32mConnected in MongoDB[39m
2022-06-22 18:14:20:1420 - [32minfo[39m: [32mlistening on 8081[39m
2022-06-22 18:14:26:1426 - [32minfo[39m: [32mConnected in MongoDB[39m
2022-06-22 18:14:26:1426 - [32minfo[39m: [32mlistening on 8081[39m
2022-06-22 18:17:14:1714 - [35mhttp[39m: [35mPOST /api/ 201 148 - 37.833 ms[39m
[35m[39m
2022-06-22 19:23:47:2347 - [32minfo[39m: [32mConnected in MongoDB[39m
2022-06-22 19:23:47:2347 - [32minfo[39m: [32mlistening on 8081[39m
2022-06-22 19:24:13:2413 - [32minfo[39m: [32mConnected in MongoDB[39m
2022-06-22 19:24:13:2413 - [32minfo[39m: [32mlistening on 8081[39m
2022-06-22 19:25:05:255 - [35mhttp[39m: [35mPOST /api/ 201 150 - 61.438 ms[39m
[35m[39m
2022-06-22 19:25:44:2544 - [35mhttp[39m: [35mPOST /api/ - - - - ms[39m
[35m[39m
2022-06-22 19:25:45:2545 - [31merror[39m: [31mErro no cadastro - Rota - movieCapt:Operation `movies.insertOne()` buffering timed out after 10000ms[39m
2022-06-22 19:26:11:2611 - [35mhttp[39m: [35mPOST /api/ - - - - ms[39m
[35m[39m
2022-06-22 19:26:12:2612 - [31merror[39m: [31mErro no cadastro - Rota - movieCapt:Operation `movies.insertOne()` buffering timed out after 10000ms[39m
2022-06-22 19:26:25:2625 - [31merror[39m: [31merro na conexão com MongoDB[39m
2022-06-22 19:26:52:2652 - [32minfo[39m: [32mConnected in MongoDB[39m
2022-06-22 19:26:52:2652 - [32minfo[39m: [32mlistening on 8081[39m
2022-06-22 19:27:05:275 - [35mhttp[39m: [35mPOST /api/ 201 151 - 53.594 ms[39m
[35m[39m
2022-06-22 19:27:41:2741 - [35mhttp[39m: [35mPOST /api/ 201 142 - 26.285 ms[39m
[35m[39m
2022-06-23 18:23:37:2337 - [32minfo[39m: [32mConnected in MongoDB[39m
2022-06-23 18:23:37:2337 - [32minfo[39m: [32mlistening on 8081[39m
2022-06-23 18:24:38:2438 - [32minfo[39m: [32mConnected in MongoDB[39m
2022-06-23 18:24:38:2438 - [32minfo[39m: [32mlistening on 8081[39m
2022-06-23 18:26:19:2619 - [32minfo[39m: [32mConnected in MongoDB[39m
2022-06-23 18:26:19:2619 - [32minfo[39m: [32mlistening on 8081[39m
2022-06-23 18:26:44:2644 - [32minfo[39m: [32mConnected in MongoDB[39m
2022-06-23 18:26:44:2644 - [32minfo[39m: [32mlistening on 8081[39m
2022-06-23 18:28:53:2853 - [35mhttp[39m: [35mPOST /api/ 422 162 - 6.148 ms[39m
[35m[39m
2022-06-23 18:30:04:304 - [35mhttp[39m: [35mPOST /api/ 422 162 - 1.619 ms[39m
[35m[39m
2022-06-23 18:30:06:306 - [35mhttp[39m: [35mPOST /api/ 422 162 - 1.070 ms[39m
[35m[39m
2022-06-23 18:30:06:306 - [35mhttp[39m: [35mPOST /api/ 422 162 - 0.824 ms[39m
[35m[39m
2022-06-23 18:30:10:3010 - [35mhttp[39m: [35mPOST /api/ 422 162 - 0.958 ms[39m
[35m[39m
2022-06-23 18:31:52:3152 - [32minfo[39m: [32mConnected in MongoDB[39m
2022-06-23 18:31:52:3152 - [32minfo[39m: [32mlistening on 8081[39m
2022-06-23 18:33:05:335 - [32minfo[39m: [32mConnected in MongoDB[39m
2022-06-23 18:33:05:335 - [32minfo[39m: [32mlistening on 8081[39m
2022-06-23 18:33:18:3318 - [32minfo[39m: [32mConnected in MongoDB[39m
2022-06-23 18:33:18:3318 - [32minfo[39m: [32mlistening on 8081[39m
2022-06-23 18:34:40:3440 - [32minfo[39m: [32mConnected in MongoDB[39m
2022-06-23 18:34:40:3440 - [32minfo[39m: [32mlistening on 8081[39m
2022-06-23 18:42:10:4210 - [32minfo[39m: [32mConnected in MongoDB[39m
2022-06-23 18:42:10:4210 - [32minfo[39m: [32mlistening on 8081[39m
2022-06-23 18:42:20:4220 - [35mhttp[39m: [35mPOST /api/ 422 162 - 10.865 ms[39m
[35m[39m
2022-06-23 18:42:30:4230 - [35mhttp[39m: [35mGET /api/ 422 162 - 1.591 ms[39m
[35m[39m
2022-06-23 18:42:32:4232 - [35mhttp[39m: [35mGET /api/ 422 162 - 0.952 ms[39m
[35m[39m
2022-06-23 18:42:56:4256 - [35mhttp[39m: [35mGET /api/ 422 243 - 1.036 ms[39m
[35m[39m
2022-06-23 18:43:00:430 - [35mhttp[39m: [35mGET /api/ 422 243 - 0.843 ms[39m
[35m[39m
2022-06-23 18:43:02:432 - [35mhttp[39m: [35mGET /api/ 422 243 - 0.788 ms[39m
[35m[39m
2022-06-23 18:43:22:4322 - [35mhttp[39m: [35mGET /api/ 422 243 - 0.746 ms[39m
[35m[39m
2022-06-23 18:43:44:4344 - [32minfo[39m: [32mConnected in MongoDB[39m
2022-06-23 18:43:44:4344 - [32minfo[39m: [32mlistening on 8081[39m
2022-06-23 18:43:47:4347 - [35mhttp[39m: [35mGET /api/ 200 8 - 1.826 ms[39m
[35m[39m
2022-06-23 18:43:55:4355 - [32minfo[39m: [32mConnected in MongoDB[39m
2022-06-23 18:43:55:4355 - [32minfo[39m: [32mlistening on 8081[39m
2022-06-23 18:45:35:4535 - [32minfo[39m: [32mConnected in MongoDB[39m
2022-06-23 18:45:35:4535 - [32minfo[39m: [32mlistening on 8081[39m
2022-06-23 18:47:34:4734 - [32minfo[39m: [32mConnected in MongoDB[39m
2022-06-23 18:47:34:4734 - [32minfo[39m: [32mlistening on 8081[39m
2022-06-23 18:47:57:4757 - [32minfo[39m: [32mConnected in MongoDB[39m
2022-06-23 18:47:57:4757 - [32minfo[39m: [32mlistening on 8081[39m
2022-06-23 18:48:47:4847 - [32minfo[39m: [32mConnected in MongoDB[39m
2022-06-23 18:48:47:4847 - [32minfo[39m: [32mlistening on 8081[39m
2022-06-23 18:49:13:4913 - [35mhttp[39m: [35mGET /api/ 200 8 - 2.061 ms[39m
[35m[39m
2022-06-23 18:49:16:4916 - [35mhttp[39m: [35mGET /api/ 200 8 - 0.397 ms[39m
[35m[39m
2022-06-23 18:49:17:4917 - [35mhttp[39m: [35mGET /api/ 200 8 - 0.495 ms[39m
[35m[39m
2022-06-23 18:49:17:4917 - [35mhttp[39m: [35mGET /api/ 200 8 - 0.805 ms[39m
[35m[39m
2022-06-23 18:49:37:4937 - [35mhttp[39m: [35mGET /api/1 404 144 - 1.595 ms[39m
[35m[39m
2022-06-23 18:49:39:4939 - [35mhttp[39m: [35mGET /api/1 404 144 - 1.159 ms[39m
[35m[39m
2022-06-23 18:50:17:5017 - [32minfo[39m: [32mConnected in MongoDB[39m
2022-06-23 18:50:17:5017 - [32minfo[39m: [32mlistening on 8081[39m
2022-06-23 18:51:39:5139 - [35mhttp[39m: [35mGET /api/?id=1 200 8 - 2.870 ms[39m
[35m[39m
2022-06-23 18:51:41:5141 - [35mhttp[39m: [35mGET /api/?id=1 200 8 - 0.483 ms[39m
[35m[39m
2022-06-23 18:51:54:5154 - [32minfo[39m: [32mConnected in MongoDB[39m
2022-06-23 18:51:54:5154 - [32minfo[39m: [32mlistening on 8081[39m
2022-06-23 18:51:55:5155 - [35mhttp[39m: [35mGET /api/?id=1 200 8 - 2.431 ms[39m
[35m[39m
2022-06-23 18:52:00:520 - [32minfo[39m: [32mConnected in MongoDB[39m
2022-06-23 18:52:00:520 - [32minfo[39m: [32mlistening on 8081[39m
2022-06-23 18:52:03:523 - [35mhttp[39m: [35mGET /api/?id=1 200 8 - 1.919 ms[39m
[35m[39m
2022-06-23 18:52:05:525 - [35mhttp[39m: [35mGET /api/?id=1 200 8 - 0.422 ms[39m
[35m[39m
2022-06-23 18:52:34:5234 - [32minfo[39m: [32mConnected in MongoDB[39m
2022-06-23 18:52:34:5234 - [32minfo[39m: [32mlistening on 8081[39m
2022-06-23 18:53:28:5328 - [35mhttp[39m: [35mGET /api/?id=1/movie 200 8 - 2.566 ms[39m
[35m[39m
2022-06-23 18:53:31:5331 - [35mhttp[39m: [35mGET /api/?id=1/movie 200 8 - 0.363 ms[39m
[35m[39m
2022-06-23 18:54:11:5411 - [31merror[39m: [31mErro no GET - Rota - Movie:Cast to ObjectId failed for value ":id" (type string) at path "_id" for model "movie"[39m
2022-06-23 18:56:18:5618 - [32minfo[39m: [32mConnected in MongoDB[39m
2022-06-23 18:56:18:5618 - [32minfo[39m: [32mlistening on 8081[39m
2022-06-23 18:56:20:5620 - [35mhttp[39m: [35mGET /api/1 404 144 - 2.307 ms[39m
[35m[39m
2022-06-23 18:56:46:5646 - [32minfo[39m: [32mConnected in MongoDB[39m
2022-06-23 18:56:46:5646 - [32minfo[39m: [32mlistening on 8081[39m
2022-06-23 18:57:09:579 - [31merror[39m: [31mErro no GET - Rota - Movie:Cast to ObjectId failed for value "1" (type string) at path "_id" for model "movie"[39m
2022-06-23 18:57:52:5752 - [35mhttp[39m: [35mGET /api/movie/1 - - - - ms[39m
[35m[39m
2022-06-23 18:57:54:5754 - [32minfo[39m: [32mConnected in MongoDB[39m
2022-06-23 18:57:54:5754 - [32minfo[39m: [32mlistening on 8081[39m
2022-06-23 18:57:55:5755 - [35mhttp[39m: [35mGET /api 200 8 - 1.856 ms[39m
[35m[39m
2022-06-23 18:58:01:581 - [35mhttp[39m: [35mGET /api/1 404 144 - 1.755 ms[39m
[35m[39m
2022-06-23 18:58:05:585 - [35mhttp[39m: [35mGET /api/1 404 144 - 0.646 ms[39m
[35m[39m
2022-06-23 18:58:41:5841 - [31merror[39m: [31mErro no GET - Rota - Movie:Cast to ObjectId failed for value "1" (type string) at path "_id" for model "movie"[39m
2022-06-23 18:59:35:5935 - [31merror[39m: [31mErro no GET - Rota - Movie:Cast to ObjectId failed for value "1" (type string) at path "_id" for model "movie"[39m
2022-06-23 18:59:49:5949 - [32minfo[39m: [32mConnected in MongoDB[39m
2022-06-23 18:59:49:5949 - [32minfo[39m: [32mlistening on 8081[39m
2022-06-23 19:07:03:73 - [32minfo[39m: [32mConnected in MongoDB[39m
2022-06-23 19:07:03:73 - [32minfo[39m: [32mlistening on 8081[39m
2022-06-23 19:07:04:74 - [31merror[39m: [31mErro no GET - Rota - Movie:Cast to ObjectId failed for value "1" (type string) at path "_id" for model "movie"[39m
2022-06-23 19:08:40:840 - [31merror[39m: [31merro na conexão com MongoDB[39m
2022-06-23 19:09:35:935 - [31merror[39m: [31mErro no GET - Rota - Movie:Cast to ObjectId failed for value "1" (type number) at path "_id" for model "movie"[39m
2022-06-23 19:09:54:954 - [32minfo[39m: [32mConnected in MongoDB[39m
2022-06-23 19:09:54:954 - [32minfo[39m: [32mlistening on 8081[39m
2022-06-23 19:11:18:1118 - [32minfo[39m: [32mConnected in MongoDB[39m
2022-06-23 19:11:18:1118 - [32minfo[39m: [32mlistening on 8081[39m
2022-06-23 19:11:28:1128 - [32minfo[39m: [32mConnected in MongoDB[39m
2022-06-23 19:11:28:1128 - [32minfo[39m: [32mlistening on 8081[39m
2022-06-23 19:11:31:1131 - [31merror[39m: [31mErro no GET - Rota - Movie:Cast to ObjectId failed for value "1" (type string) at path "_id" for model "movie"[39m
2022-06-23 19:13:16:1316 - [32minfo[39m: [32mConnected in MongoDB[39m
2022-06-23 19:13:16:1316 - [32minfo[39m: [32mlistening on 8081[39m
2022-06-23 19:13:22:1322 - [32minfo[39m: [32mConnected in MongoDB[39m
2022-06-23 19:13:22:1322 - [32minfo[39m: [32mlistening on 8081[39m
2022-06-23 19:13:23:1323 - [35mhttp[39m: [35mGET /api/movie/1 404 15 - 3.037 ms[39m
[35m[39m
2022-06-23 19:13:46:1346 - [32minfo[39m: [32mConnected in MongoDB[39m
2022-06-23 19:13:46:1346 - [32minfo[39m: [32mlistening on 8081[39m
2022-06-23 19:14:49:1449 - [32minfo[39m: [32mConnected in MongoDB[39m
2022-06-23 19:14:49:1449 - [32minfo[39m: [32mlistening on 8081[39m
2022-06-23 19:14:51:1451 - [31merror[39m: [31mErro no GET - Rota - Movie:Cast to ObjectId failed for value "1" (type string) at path "_id" for model "movie"[39m
2022-06-23 19:16:46:1646 - [32minfo[39m: [32mConnected in MongoDB[39m
2022-06-23 19:16:46:1646 - [32minfo[39m: [32mlistening on 8081[39m
2022-06-23 19:17:06:176 - [32minfo[39m: [32mConnected in MongoDB[39m
2022-06-23 19:17:06:176 - [32minfo[39m: [32mlistening on 8081[39m
2022-06-23 19:17:40:1740 - [32minfo[39m: [32mConnected in MongoDB[39m
2022-06-23 19:17:40:1740 - [32minfo[39m: [32mlistening on 8081[39m
2022-06-23 19:18:02:182 - [32minfo[39m: [32mConnected in MongoDB[39m
2022-06-23 19:18:02:182 - [32minfo[39m: [32mlistening on 8081[39m
2022-06-23 19:18:05:185 - [35mhttp[39m: [35mGET /api/movie/62b386da31f2e6c98513dd35 404 15 - 33.138 ms[39m
[35m[39m
2022-06-23 19:19:08:198 - [35mhttp[39m: [35mGET /api/movie/62b386da31f2e6c98513dd35 404 15 - 23.410 ms[39m
[35m[39m
2022-06-23 19:19:18:1918 - [32minfo[39m: [32mConnected in MongoDB[39m
2022-06-23 19:19:18:1918 - [32minfo[39m: [32mlistening on 8081[39m
2022-06-23 19:21:26:2126 - [32minfo[39m: [32mConnected in MongoDB[39m
2022-06-23 19:21:26:2126 - [32minfo[39m: [32mlistening on 8081[39m
2022-06-23 19:21:29:2129 - [35mhttp[39m: [35mGET /api/movie/62b386da31f2e6c98513dd35 404 15 - 83.204 ms[39m
[35m[39m
2022-06-23 19:21:46:2146 - [35mhttp[39m: [35mGET /api/movie/62b386da31f2e6c98513dd36 200 148 - 31.563 ms[39m
[35m[39m
2022-06-23 19:23:13:2313 - [32minfo[39m: [32mConnected in MongoDB[39m
2022-06-23 19:23:13:2313 - [32minfo[39m: [32mlistening on 8081[39m
2022-06-23 19:23:58:2358 - [32minfo[39m: [32mConnected in MongoDB[39m
2022-06-23 19:23:58:2358 - [32minfo[39m: [32mlistening on 8081[39m
2022-06-23 19:29:04:294 - [32minfo[39m: [32mConnected in MongoDB[39m
2022-06-23 19:29:04:294 - [32minfo[39m: [32mlistening on 8081[39m
2022-06-23 19:30:01:301 - [31merror[39m: [31mErro no GET - Rota - Movie:The first argument must be of type string or an instance of Buffer, ArrayBuffer, or Array or an Array-like Object. Received function find[39m
2022-06-23 19:30:30:3030 - [32minfo[39m: [32mConnected in MongoDB[39m
2022-06-23 19:30:30:3030 - [32minfo[39m: [32mlistening on 8081[39m
2022-06-23 19:30:41:3041 - [31merror[39m: [31mErro no GET - Rota - Movie:The first argument must be of type string or an instance of Buffer, ArrayBuffer, or Array or an Array-like Object. Received function find[39m
2022-06-23 19:31:01:311 - [32minfo[39m: [32mConnected in MongoDB[39m
2022-06-23 19:31:01:311 - [32minfo[39m: [32mlistening on 8081[39m
2022-06-23 19:31:03:313 - [31merror[39m: [31mErro no GET - Rota - Movie:The first argument must be of type string or an instance of Buffer, ArrayBuffer, or Array or an Array-like Object. Received function find[39m
2022-06-23 19:31:35:3135 - [32minfo[39m: [32mConnected in MongoDB[39m
2022-06-23 19:31:35:3135 - [32minfo[39m: [32mlistening on 8081[39m
2022-06-23 19:31:36:3136 - [31merror[39m: [31mErro no GET - Rota - movieAll:The first argument must be of type string or an instance of Buffer, ArrayBuffer, or Array or an Array-like Object. Received function find[39m
2022-06-23 19:32:02:322 - [32minfo[39m: [32mConnected in MongoDB[39m
2022-06-23 19:32:02:322 - [32minfo[39m: [32mlistening on 8081[39m
2022-06-23 19:32:03:323 - [35mhttp[39m: [35mGET /api/movie/all/ 200 596 - 121.315 ms[39m
[35m[39m
2022-06-23 19:42:16:4216 - [32minfo[39m: [32mConnected in MongoDB[39m
2022-06-23 19:42:16:4216 - [32minfo[39m: [32mlistening on 8081[39m
2022-06-23 19:58:30:5830 - [32minfo[39m: [32mConnected in MongoDB[39m
2022-06-23 19:58:30:5830 - [32minfo[39m: [32mlistening on 8081[39m
2022-06-23 19:58:40:5840 - [32minfo[39m: [32mConnected in MongoDB[39m
2022-06-23 19:58:40:5840 - [32minfo[39m: [32mlistening on 8081[39m
2022-06-23 20:02:45:245 - [32minfo[39m: [32mConnected in MongoDB[39m
2022-06-23 20:02:45:245 - [32minfo[39m: [32mlistening on 8081[39m
2022-06-23 20:05:28:528 - [31merror[39m: [31merro na conexão com MongoDB[39m
2022-06-23 20:05:45:545 - [32minfo[39m: [32mConnected in MongoDB[39m
2022-06-23 20:05:45:545 - [32minfo[39m: [32mlistening on 8081[39m
2022-06-23 20:05:49:549 - [32minfo[39m: [32mConnected in MongoDB[39m
2022-06-23 20:05:49:549 - [32minfo[39m: [32mlistening on 8081[39m
2022-06-23 20:05:57:557 - [32minfo[39m: [32mConnected in MongoDB[39m
2022-06-23 20:05:57:557 - [32minfo[39m: [32mlistening on 8081[39m
2022-06-23 20:06:05:65 - [32minfo[39m: [32mConnected in MongoDB[39m
2022-06-23 20:06:05:65 - [32minfo[39m: [32mlistening on 8081[39m
2022-06-23 20:06:16:616 - [32minfo[39m: [32mConnected in MongoDB[39m
2022-06-23 20:06:16:616 - [32minfo[39m: [32mlistening on 8081[39m
2022-06-23 20:07:06:76 - [32minfo[39m: [32mConnected in MongoDB[39m
2022-06-23 20:07:06:76 - [32minfo[39m: [32mlistening on 8081[39m
2022-06-23 20:09:09:99 - [32minfo[39m: [32mConnected in MongoDB[39m
2022-06-23 20:09:09:99 - [32minfo[39m: [32mlistening on 8081[39m
2022-06-23 20:09:11:911 - [35mhttp[39m: [35mDELETE /api/movie/destroy/62b386da31f2e6c98513dd36 200 148 - 44.130 ms[39m
[35m[39m
2022-06-23 20:09:44:944 - [35mhttp[39m: [35mDELETE /api/movie/destroy/62b396c1323a2863cb3e8ac0 200 150 - 30.889 ms[39m
[35m[39m
2022-06-23 20:10:54:1054 - [31merror[39m: [31mErro no Delet - Rota - Movie:Operation `movies.findOneAndDelete()` buffering timed out after 10000ms[39m
2022-06-23 20:10:54:1054 - [35mhttp[39m: [35mDELETE /api/movie/destroy/62b396c1323a2863cb3e8ac0 500 38 - 10015.503 ms[39m
[35m[39m
2022-06-23 20:11:12:1112 - [31merror[39m: [31merro na conexão com MongoDB[39m
2022-06-23 20:16:55:1655 - [32minfo[39m: [32mConnected in MongoDB[39m
2022-06-23 20:16:55:1655 - [32minfo[39m: [32mlistening on 8081[39m
2022-06-23 20:16:58:1658 - [35mhttp[39m: [35mDELETE /api/movie/destroy/62b396c1323a2863cb3e8ac0 404 15 - 29.067 ms[39m
[35m[39m
2022-06-23 20:18:08:188 - [32minfo[39m: [32mConnected in MongoDB[39m
2022-06-23 20:18:08:188 - [32minfo[39m: [32mlistening on 8081[39m
2022-06-23 20:18:10:1810 - [35mhttp[39m: [35mDELETE /api/movie/destroy/62b396c1323a2863cb3e8ac0 404 56 - 29.258 ms[39m
[35m[39m
2022-06-23 20:18:21:1821 - [32minfo[39m: [32mConnected in MongoDB[39m
2022-06-23 20:18:21:1821 - [32minfo[39m: [32mlistening on 8081[39m
2022-06-23 20:18:22:1822 - [35mhttp[39m: [35mDELETE /api/movie/destroy/62b396c1323a2863cb3e8ac0 404 56 - 36.122 ms[39m
[35m[39m
2022-06-23 20:19:33:1933 - [31merror[39m: [31merro na conexão com MongoDB[39m
2022-06-23 20:20:35:2035 - [32minfo[39m: [32mConnected in MongoDB[39m
2022-06-23 20:20:35:2035 - [32minfo[39m: [32mlistening on 8081[39m
2022-06-23 20:30:10:3010 - [32minfo[39m: [32mConnected in MongoDB[39m
2022-06-23 20:30:10:3010 - [32minfo[39m: [32mlistening on 8081[39m
2022-06-23 20:32:00:320 - [32minfo[39m: [32mConnected in MongoDB[39m
2022-06-23 20:32:00:320 - [32minfo[39m: [32mlistening on 8081[39m
2022-06-23 20:35:54:3554 - [35mhttp[39m: [35mPOST /api/ 422 136 - 6.063 ms[39m
[35m[39m
2022-06-23 20:36:19:3619 - [35mhttp[39m: [35mPOST /api/ 422 136 - 1.476 ms[39m
[35m[39m
2022-06-23 20:36:20:3620 - [35mhttp[39m: [35mPOST /api/ 422 136 - 0.997 ms[39m
[35m[39m
2022-06-23 20:36:21:3621 - [35mhttp[39m: [35mPOST /api/ 422 136 - 2.448 ms[39m
[35m[39m
2022-06-23 20:37:17:3717 - [32minfo[39m: [32mConnected in MongoDB[39m
2022-06-23 20:37:17:3717 - [32minfo[39m: [32mlistening on 8081[39m
2022-06-23 20:37:18:3718 - [35mhttp[39m: [35mPOST /api/ 422 136 - 7.102 ms[39m
[35m[39m
2022-06-23 20:37:45:3745 - [35mhttp[39m: [35mPOST /api/ 422 136 - 2.746 ms[39m
[35m[39m
2022-06-23 20:37:46:3746 - [35mhttp[39m: [35mPOST /api/ 422 136 - 1.154 ms[39m
[35m[39m
2022-06-23 20:39:44:3944 - [35mhttp[39m: [35mPOST /api/ 422 136 - 1.317 ms[39m
[35m[39m
2022-06-23 20:39:45:3945 - [35mhttp[39m: [35mPOST /api/ 422 136 - 0.861 ms[39m
[35m[39m
2022-06-23 20:39:47:3947 - [35mhttp[39m: [35mPOST /api/ 422 136 - 0.536 ms[39m
[35m[39m
2022-06-23 20:41:43:4143 - [32minfo[39m: [32mConnected in MongoDB[39m
2022-06-23 20:41:43:4143 - [32minfo[39m: [32mlistening on 8081[39m
2022-06-23 20:41:45:4145 - [32minfo[39m: [32mConnected in MongoDB[39m
2022-06-23 20:41:45:4145 - [32minfo[39m: [32mlistening on 8081[39m
2022-06-23 20:41:48:4148 - [35mhttp[39m: [35mPOST /api/ 201 363 - 52.775 ms[39m
[35m[39m
2022-06-23 20:42:44:4244 - [35mhttp[39m: [35mPOST /api/ 201 320 - 32.509 ms[39m
[35m[39m
2022-06-23 20:43:19:4319 - [32minfo[39m: [32mConnected in MongoDB[39m
2022-06-23 20:43:19:4319 - [32minfo[39m: [32mlistening on 8081[39m
2022-06-23 20:43:25:4325 - [35mhttp[39m: [35mPOST /api/ 201 30 - 46.866 ms[39m
[35m[39m
2022-06-23 20:43:42:4342 - [35mhttp[39m: [35mPOST /api/ 201 30 - 35.849 ms[39m
[35m[39m
2022-06-23 20:43:53:4353 - [35mhttp[39m: [35mPOST /api/ 201 30 - 262.116 ms[39m
[35m[39m
2022-06-23 20:46:23:4623 - [32minfo[39m: [32mConnected in MongoDB[39m
2022-06-23 20:46:23:4623 - [32minfo[39m: [32mlistening on 8081[39m
2022-06-23 20:48:29:4829 - [32minfo[39m: [32mConnected in MongoDB[39m
2022-06-23 20:48:29:4829 - [32minfo[39m: [32mlistening on 8081[39m
2022-06-23 20:49:32:4932 - [35mhttp[39m: [35mPOST /api/movie/up/62b4fab987d44082b413580a 404 177 - 1.817 ms[39m
[35m[39m
2022-06-23 20:49:40:4940 - [35mhttp[39m: [35mPATCH /api/movie/up/62b4fab987d44082b413580a 200 325 - 48.069 ms[39m
[35m[39m
2022-06-23 20:50:57:5057 - [32minfo[39m: [32mConnected in MongoDB[39m
2022-06-23 20:50:57:5057 - [32minfo[39m: [32mlistening on 8081[39m
2022-06-23 20:51:24:5124 - [32minfo[39m: [32mConnected in MongoDB[39m
2022-06-23 20:51:24:5124 - [32minfo[39m: [32mlistening on 8081[39m
2022-06-23 20:51:56:5156 - [32minfo[39m: [32mConnected in MongoDB[39m
2022-06-23 20:51:56:5156 - [32minfo[39m: [32mlistening on 8081[39m
2022-06-23 20:52:09:529 - [35mhttp[39m: [35mPATCH /api/movie/up/62b4fab987d44082b413580a 200 16 - 37.018 ms[39m
[35m[39m
2022-06-23 20:52:21:5221 - [32minfo[39m: [32mConnected in MongoDB[39m
2022-06-23 20:52:21:5221 - [32minfo[39m: [32mlistening on 8081[39m
2022-06-23 20:52:34:5234 - [35mhttp[39m: [35mPATCH /api/movie/up/62b4fab987d44082b413580a 200 18 - 39.994 ms[39m
[35m[39m
2022-06-23 21:00:20:020 - [32minfo[39m: [32mConnected in MongoDB[39m
2022-06-23 21:00:20:020 - [32minfo[39m: [32mlistening on 8081[39m
2022-06-23 21:00:51:051 - [32minfo[39m: [32mConnected in MongoDB[39m
2022-06-23 21:00:51:051 - [32minfo[39m: [32mlistening on 8081[39m
