2022-06-21 20:38:58:3858 - [31merror[39m: [31merro na conexão com MongoDB[39m
2022-06-21 20:39:31:3931 - [32minfo[39m: [32mConnected in MongoDB[39m
2022-06-21 20:39:31:3931 - [32minfo[39m: [32mlistening on 8081[39m
2022-06-21 21:27:29:2729 - [32minfo[39m: [32mConnected in MongoDB[39m
2022-06-21 21:27:29:2729 - [32minfo[39m: [32mlistening on 8081[39m
2022-06-21 21:27:54:2754 - [32minfo[39m: [32mConnected in MongoDB[39m
2022-06-21 21:27:55:2755 - [32minfo[39m: [32mlistening on 8081[39m
2022-06-21 21:28:33:2833 - [32minfo[39m: [32mConnected in MongoDB[39m
2022-06-21 21:28:33:2833 - [32minfo[39m: [32mlistening on 8081[39m
2022-06-21 21:29:51:2951 - [32minfo[39m: [32mConnected in MongoDB[39m
2022-06-21 21:29:51:2951 - [32minfo[39m: [32mlistening on 8081[39m
2022-06-21 21:31:17:3117 - [32minfo[39m: [32mConnected in MongoDB[39m
2022-06-21 21:31:17:3117 - [32minfo[39m: [32mlistening on 8081[39m
2022-06-21 21:31:39:3139 - [32minfo[39m: [32mConnected in MongoDB[39m
2022-06-21 21:31:39:3139 - [32minfo[39m: [32mlistening on 8081[39m
2022-06-21 21:32:55:3255 - [32minfo[39m: [32mConnected in MongoDB[39m
2022-06-21 21:32:55:3255 - [32minfo[39m: [32mlistening on 8081[39m
2022-06-22 17:43:57:4357 - [32minfo[39m: [32mConnected in MongoDB[39m
2022-06-22 17:43:58:4358 - [32minfo[39m: [32mlistening on 8081[39m
2022-06-22 17:56:40:5640 - [32minfo[39m: [32mConnected in MongoDB[39m
2022-06-22 17:56:40:5640 - [32minfo[39m: [32mlistening on 8081[39m
2022-06-22 17:57:47:5747 - [32minfo[39m: [32mConnected in MongoDB[39m
2022-06-22 17:57:47:5747 - [32minfo[39m: [32mlistening on 8081[39m
2022-06-22 17:58:24:5824 - [32minfo[39m: [32mConnected in MongoDB[39m
2022-06-22 17:58:24:5824 - [32minfo[39m: [32mlistening on 8081[39m
2022-06-22 17:58:57:5857 - [32minfo[39m: [32mConnected in MongoDB[39m
2022-06-22 17:58:57:5857 - [32minfo[39m: [32mlistening on 8081[39m
2022-06-22 17:59:57:5957 - [32minfo[39m: [32mConnected in MongoDB[39m
2022-06-22 17:59:57:5957 - [32minfo[39m: [32mlistening on 8081[39m
2022-06-22 18:00:53:053 - [32minfo[39m: [32mConnected in MongoDB[39m
2022-06-22 18:00:53:053 - [32minfo[39m: [32mlistening on 8081[39m
2022-06-22 18:01:10:110 - [32minfo[39m: [32mConnected in MongoDB[39m
2022-06-22 18:01:10:110 - [32minfo[39m: [32mlistening on 8081[39m
2022-06-22 18:01:58:158 - [32minfo[39m: [32mConnected in MongoDB[39m
2022-06-22 18:01:58:158 - [32minfo[39m: [32mlistening on 8081[39m
2022-06-22 18:03:22:322 - [32minfo[39m: [32mConnected in MongoDB[39m
2022-06-22 18:03:22:322 - [32minfo[39m: [32mlistening on 8081[39m
2022-06-22 18:08:30:830 - [32minfo[39m: [32mConnected in MongoDB[39m
2022-06-22 18:08:30:830 - [32minfo[39m: [32mlistening on 8081[39m
2022-06-22 18:08:47:847 - [32minfo[39m: [32mConnected in MongoDB[39m
2022-06-22 18:08:47:847 - [32minfo[39m: [32mlistening on 8081[39m
2022-06-22 18:14:20:1420 - [32minfo[39m: [32mConnected in MongoDB[39m
2022-06-22 18:14:20:1420 - [32minfo[39m: [32mlistening on 8081[39m
2022-06-22 18:14:26:1426 - [32minfo[39m: [32mConnected in MongoDB[39m
2022-06-22 18:14:26:1426 - [32minfo[39m: [32mlistening on 8081[39m
2022-06-22 19:23:47:2347 - [32minfo[39m: [32mConnected in MongoDB[39m
2022-06-22 19:23:47:2347 - [32minfo[39m: [32mlistening on 8081[39m
2022-06-22 19:24:13:2413 - [32minfo[39m: [32mConnected in MongoDB[39m
2022-06-22 19:24:13:2413 - [32minfo[39m: [32mlistening on 8081[39m
2022-06-22 19:25:45:2545 - [31merror[39m: [31mErro no cadastro - Rota - movieCapt:Operation `movies.insertOne()` buffering timed out after 10000ms[39m
2022-06-22 19:26:12:2612 - [31merror[39m: [31mErro no cadastro - Rota - movieCapt:Operation `movies.insertOne()` buffering timed out after 10000ms[39m
2022-06-22 19:26:25:2625 - [31merror[39m: [31merro na conexão com MongoDB[39m
2022-06-22 19:26:52:2652 - [32minfo[39m: [32mConnected in MongoDB[39m
2022-06-22 19:26:52:2652 - [32minfo[39m: [32mlistening on 8081[39m
2022-06-23 18:23:37:2337 - [32minfo[39m: [32mConnected in MongoDB[39m
2022-06-23 18:23:37:2337 - [32minfo[39m: [32mlistening on 8081[39m
2022-06-23 18:24:38:2438 - [32minfo[39m: [32mConnected in MongoDB[39m
2022-06-23 18:24:38:2438 - [32minfo[39m: [32mlistening on 8081[39m
2022-06-23 18:26:19:2619 - [32minfo[39m: [32mConnected in MongoDB[39m
2022-06-23 18:26:19:2619 - [32minfo[39m: [32mlistening on 8081[39m
2022-06-23 18:26:44:2644 - [32minfo[39m: [32mConnected in MongoDB[39m
2022-06-23 18:26:44:2644 - [32minfo[39m: [32mlistening on 8081[39m
2022-06-23 18:31:52:3152 - [32minfo[39m: [32mConnected in MongoDB[39m
2022-06-23 18:31:52:3152 - [32minfo[39m: [32mlistening on 8081[39m
2022-06-23 18:33:05:335 - [32minfo[39m: [32mConnected in MongoDB[39m
2022-06-23 18:33:05:335 - [32minfo[39m: [32mlistening on 8081[39m
2022-06-23 18:33:18:3318 - [32minfo[39m: [32mConnected in MongoDB[39m
2022-06-23 18:33:18:3318 - [32minfo[39m: [32mlistening on 8081[39m
2022-06-23 18:34:40:3440 - [32minfo[39m: [32mConnected in MongoDB[39m
2022-06-23 18:34:40:3440 - [32minfo[39m: [32mlistening on 8081[39m
2022-06-23 18:42:10:4210 - [32minfo[39m: [32mConnected in MongoDB[39m
2022-06-23 18:42:10:4210 - [32minfo[39m: [32mlistening on 8081[39m
2022-06-23 18:43:44:4344 - [32minfo[39m: [32mConnected in MongoDB[39m
2022-06-23 18:43:44:4344 - [32minfo[39m: [32mlistening on 8081[39m
2022-06-23 18:43:55:4355 - [32minfo[39m: [32mConnected in MongoDB[39m
2022-06-23 18:43:55:4355 - [32minfo[39m: [32mlistening on 8081[39m
2022-06-23 18:45:35:4535 - [32minfo[39m: [32mConnected in MongoDB[39m
2022-06-23 18:45:35:4535 - [32minfo[39m: [32mlistening on 8081[39m
2022-06-23 18:47:34:4734 - [32minfo[39m: [32mConnected in MongoDB[39m
2022-06-23 18:47:34:4734 - [32minfo[39m: [32mlistening on 8081[39m
2022-06-23 18:47:57:4757 - [32minfo[39m: [32mConnected in MongoDB[39m
2022-06-23 18:47:57:4757 - [32minfo[39m: [32mlistening on 8081[39m
2022-06-23 18:48:47:4847 - [32minfo[39m: [32mConnected in MongoDB[39m
2022-06-23 18:48:47:4847 - [32minfo[39m: [32mlistening on 8081[39m
2022-06-23 18:50:17:5017 - [32minfo[39m: [32mConnected in MongoDB[39m
2022-06-23 18:50:17:5017 - [32minfo[39m: [32mlistening on 8081[39m
2022-06-23 18:51:54:5154 - [32minfo[39m: [32mConnected in MongoDB[39m
2022-06-23 18:51:54:5154 - [32minfo[39m: [32mlistening on 8081[39m
2022-06-23 18:52:00:520 - [32minfo[39m: [32mConnected in MongoDB[39m
2022-06-23 18:52:00:520 - [32minfo[39m: [32mlistening on 8081[39m
2022-06-23 18:52:34:5234 - [32minfo[39m: [32mConnected in MongoDB[39m
2022-06-23 18:52:34:5234 - [32minfo[39m: [32mlistening on 8081[39m
2022-06-23 18:54:11:5411 - [31merror[39m: [31mErro no GET - Rota - Movie:Cast to ObjectId failed for value ":id" (type string) at path "_id" for model "movie"[39m
2022-06-23 18:56:18:5618 - [32minfo[39m: [32mConnected in MongoDB[39m
2022-06-23 18:56:18:5618 - [32minfo[39m: [32mlistening on 8081[39m
2022-06-23 18:56:46:5646 - [32minfo[39m: [32mConnected in MongoDB[39m
2022-06-23 18:56:46:5646 - [32minfo[39m: [32mlistening on 8081[39m
2022-06-23 18:57:09:579 - [31merror[39m: [31mErro no GET - Rota - Movie:Cast to ObjectId failed for value "1" (type string) at path "_id" for model "movie"[39m
2022-06-23 18:57:54:5754 - [32minfo[39m: [32mConnected in MongoDB[39m
2022-06-23 18:57:54:5754 - [32minfo[39m: [32mlistening on 8081[39m
2022-06-23 18:58:41:5841 - [31merror[39m: [31mErro no GET - Rota - Movie:Cast to ObjectId failed for value "1" (type string) at path "_id" for model "movie"[39m
2022-06-23 18:59:35:5935 - [31merror[39m: [31mErro no GET - Rota - Movie:Cast to ObjectId failed for value "1" (type string) at path "_id" for model "movie"[39m
2022-06-23 18:59:49:5949 - [32minfo[39m: [32mConnected in MongoDB[39m
2022-06-23 18:59:49:5949 - [32minfo[39m: [32mlistening on 8081[39m
2022-06-23 19:07:03:73 - [32minfo[39m: [32mConnected in MongoDB[39m
2022-06-23 19:07:03:73 - [32minfo[39m: [32mlistening on 8081[39m
2022-06-23 19:07:04:74 - [31merror[39m: [31mErro no GET - Rota - Movie:Cast to ObjectId failed for value "1" (type string) at path "_id" for model "movie"[39m
2022-06-23 19:08:40:840 - [31merror[39m: [31merro na conexão com MongoDB[39m
2022-06-23 19:09:35:935 - [31merror[39m: [31mErro no GET - Rota - Movie:Cast to ObjectId failed for value "1" (type number) at path "_id" for model "movie"[39m
2022-06-23 19:09:54:954 - [32minfo[39m: [32mConnected in MongoDB[39m
2022-06-23 19:09:54:954 - [32minfo[39m: [32mlistening on 8081[39m
2022-06-23 19:11:18:1118 - [32minfo[39m: [32mConnected in MongoDB[39m
2022-06-23 19:11:18:1118 - [32minfo[39m: [32mlistening on 8081[39m
2022-06-23 19:11:28:1128 - [32minfo[39m: [32mConnected in MongoDB[39m
2022-06-23 19:11:28:1128 - [32minfo[39m: [32mlistening on 8081[39m
2022-06-23 19:11:31:1131 - [31merror[39m: [31mErro no GET - Rota - Movie:Cast to ObjectId failed for value "1" (type string) at path "_id" for model "movie"[39m
2022-06-23 19:13:16:1316 - [32minfo[39m: [32mConnected in MongoDB[39m
2022-06-23 19:13:16:1316 - [32minfo[39m: [32mlistening on 8081[39m
2022-06-23 19:13:22:1322 - [32minfo[39m: [32mConnected in MongoDB[39m
2022-06-23 19:13:22:1322 - [32minfo[39m: [32mlistening on 8081[39m
2022-06-23 19:13:46:1346 - [32minfo[39m: [32mConnected in MongoDB[39m
2022-06-23 19:13:46:1346 - [32minfo[39m: [32mlistening on 8081[39m
2022-06-23 19:14:49:1449 - [32minfo[39m: [32mConnected in MongoDB[39m
2022-06-23 19:14:49:1449 - [32minfo[39m: [32mlistening on 8081[39m
2022-06-23 19:14:51:1451 - [31merror[39m: [31mErro no GET - Rota - Movie:Cast to ObjectId failed for value "1" (type string) at path "_id" for model "movie"[39m
2022-06-23 19:16:46:1646 - [32minfo[39m: [32mConnected in MongoDB[39m
2022-06-23 19:16:46:1646 - [32minfo[39m: [32mlistening on 8081[39m
2022-06-23 19:17:06:176 - [32minfo[39m: [32mConnected in MongoDB[39m
2022-06-23 19:17:06:176 - [32minfo[39m: [32mlistening on 8081[39m
2022-06-23 19:17:40:1740 - [32minfo[39m: [32mConnected in MongoDB[39m
2022-06-23 19:17:40:1740 - [32minfo[39m: [32mlistening on 8081[39m
2022-06-23 19:18:02:182 - [32minfo[39m: [32mConnected in MongoDB[39m
2022-06-23 19:18:02:182 - [32minfo[39m: [32mlistening on 8081[39m
2022-06-23 19:19:18:1918 - [32minfo[39m: [32mConnected in MongoDB[39m
2022-06-23 19:19:18:1918 - [32minfo[39m: [32mlistening on 8081[39m
2022-06-23 19:21:26:2126 - [32minfo[39m: [32mConnected in MongoDB[39m
2022-06-23 19:21:26:2126 - [32minfo[39m: [32mlistening on 8081[39m
2022-06-23 19:23:13:2313 - [32minfo[39m: [32mConnected in MongoDB[39m
2022-06-23 19:23:13:2313 - [32minfo[39m: [32mlistening on 8081[39m
2022-06-23 19:23:58:2358 - [32minfo[39m: [32mConnected in MongoDB[39m
2022-06-23 19:23:58:2358 - [32minfo[39m: [32mlistening on 8081[39m
2022-06-23 19:29:04:294 - [32minfo[39m: [32mConnected in MongoDB[39m
2022-06-23 19:29:04:294 - [32minfo[39m: [32mlistening on 8081[39m
2022-06-23 19:30:01:301 - [31merror[39m: [31mErro no GET - Rota - Movie:The first argument must be of type string or an instance of Buffer, ArrayBuffer, or Array or an Array-like Object. Received function find[39m
2022-06-23 19:30:30:3030 - [32minfo[39m: [32mConnected in MongoDB[39m
2022-06-23 19:30:30:3030 - [32minfo[39m: [32mlistening on 8081[39m
2022-06-23 19:30:41:3041 - [31merror[39m: [31mErro no GET - Rota - Movie:The first argument must be of type string or an instance of Buffer, ArrayBuffer, or Array or an Array-like Object. Received function find[39m
2022-06-23 19:31:01:311 - [32minfo[39m: [32mConnected in MongoDB[39m
2022-06-23 19:31:01:311 - [32minfo[39m: [32mlistening on 8081[39m
2022-06-23 19:31:03:313 - [31merror[39m: [31mErro no GET - Rota - Movie:The first argument must be of type string or an instance of Buffer, ArrayBuffer, or Array or an Array-like Object. Received function find[39m
2022-06-23 19:31:35:3135 - [32minfo[39m: [32mConnected in MongoDB[39m
2022-06-23 19:31:35:3135 - [32minfo[39m: [32mlistening on 8081[39m
2022-06-23 19:31:36:3136 - [31merror[39m: [31mErro no GET - Rota - movieAll:The first argument must be of type string or an instance of Buffer, ArrayBuffer, or Array or an Array-like Object. Received function find[39m
2022-06-23 19:32:02:322 - [32minfo[39m: [32mConnected in MongoDB[39m
2022-06-23 19:32:02:322 - [32minfo[39m: [32mlistening on 8081[39m
2022-06-23 19:42:16:4216 - [32minfo[39m: [32mConnected in MongoDB[39m
2022-06-23 19:42:16:4216 - [32minfo[39m: [32mlistening on 8081[39m
2022-06-23 19:58:30:5830 - [32minfo[39m: [32mConnected in MongoDB[39m
2022-06-23 19:58:30:5830 - [32minfo[39m: [32mlistening on 8081[39m
2022-06-23 19:58:40:5840 - [32minfo[39m: [32mConnected in MongoDB[39m
2022-06-23 19:58:40:5840 - [32minfo[39m: [32mlistening on 8081[39m
2022-06-23 20:02:45:245 - [32minfo[39m: [32mConnected in MongoDB[39m
2022-06-23 20:02:45:245 - [32minfo[39m: [32mlistening on 8081[39m
2022-06-23 20:05:28:528 - [31merror[39m: [31merro na conexão com MongoDB[39m
2022-06-23 20:05:45:545 - [32minfo[39m: [32mConnected in MongoDB[39m
2022-06-23 20:05:45:545 - [32minfo[39m: [32mlistening on 8081[39m
2022-06-23 20:05:49:549 - [32minfo[39m: [32mConnected in MongoDB[39m
2022-06-23 20:05:49:549 - [32minfo[39m: [32mlistening on 8081[39m
2022-06-23 20:05:57:557 - [32minfo[39m: [32mConnected in MongoDB[39m
2022-06-23 20:05:57:557 - [32minfo[39m: [32mlistening on 8081[39m
2022-06-23 20:06:05:65 - [32minfo[39m: [32mConnected in MongoDB[39m
2022-06-23 20:06:05:65 - [32minfo[39m: [32mlistening on 8081[39m
2022-06-23 20:06:16:616 - [32minfo[39m: [32mConnected in MongoDB[39m
2022-06-23 20:06:16:616 - [32minfo[39m: [32mlistening on 8081[39m
2022-06-23 20:07:06:76 - [32minfo[39m: [32mConnected in MongoDB[39m
2022-06-23 20:07:06:76 - [32minfo[39m: [32mlistening on 8081[39m
2022-06-23 20:09:09:99 - [32minfo[39m: [32mConnected in MongoDB[39m
2022-06-23 20:09:09:99 - [32minfo[39m: [32mlistening on 8081[39m
2022-06-23 20:10:54:1054 - [31merror[39m: [31mErro no Delet - Rota - Movie:Operation `movies.findOneAndDelete()` buffering timed out after 10000ms[39m
2022-06-23 20:11:12:1112 - [31merror[39m: [31merro na conexão com MongoDB[39m
2022-06-23 20:16:55:1655 - [32minfo[39m: [32mConnected in MongoDB[39m
2022-06-23 20:16:55:1655 - [32minfo[39m: [32mlistening on 8081[39m
2022-06-23 20:18:08:188 - [32minfo[39m: [32mConnected in MongoDB[39m
2022-06-23 20:18:08:188 - [32minfo[39m: [32mlistening on 8081[39m
2022-06-23 20:18:21:1821 - [32minfo[39m: [32mConnected in MongoDB[39m
2022-06-23 20:18:21:1821 - [32minfo[39m: [32mlistening on 8081[39m
2022-06-23 20:19:33:1933 - [31merror[39m: [31merro na conexão com MongoDB[39m
2022-06-23 20:20:35:2035 - [32minfo[39m: [32mConnected in MongoDB[39m
2022-06-23 20:20:35:2035 - [32minfo[39m: [32mlistening on 8081[39m
2022-06-23 20:30:10:3010 - [32minfo[39m: [32mConnected in MongoDB[39m
2022-06-23 20:30:10:3010 - [32minfo[39m: [32mlistening on 8081[39m
2022-06-23 20:32:00:320 - [32minfo[39m: [32mConnected in MongoDB[39m
2022-06-23 20:32:00:320 - [32minfo[39m: [32mlistening on 8081[39m
2022-06-23 20:37:17:3717 - [32minfo[39m: [32mConnected in MongoDB[39m
2022-06-23 20:37:17:3717 - [32minfo[39m: [32mlistening on 8081[39m
2022-06-23 20:41:43:4143 - [32minfo[39m: [32mConnected in MongoDB[39m
2022-06-23 20:41:43:4143 - [32minfo[39m: [32mlistening on 8081[39m
2022-06-23 20:41:45:4145 - [32minfo[39m: [32mConnected in MongoDB[39m
2022-06-23 20:41:45:4145 - [32minfo[39m: [32mlistening on 8081[39m
2022-06-23 20:43:19:4319 - [32minfo[39m: [32mConnected in MongoDB[39m
2022-06-23 20:43:19:4319 - [32minfo[39m: [32mlistening on 8081[39m
2022-06-23 20:46:23:4623 - [32minfo[39m: [32mConnected in MongoDB[39m
2022-06-23 20:46:23:4623 - [32minfo[39m: [32mlistening on 8081[39m
2022-06-23 20:48:29:4829 - [32minfo[39m: [32mConnected in MongoDB[39m
2022-06-23 20:48:29:4829 - [32minfo[39m: [32mlistening on 8081[39m
2022-06-23 20:50:57:5057 - [32minfo[39m: [32mConnected in MongoDB[39m
2022-06-23 20:50:57:5057 - [32minfo[39m: [32mlistening on 8081[39m
2022-06-23 20:51:24:5124 - [32minfo[39m: [32mConnected in MongoDB[39m
2022-06-23 20:51:24:5124 - [32minfo[39m: [32mlistening on 8081[39m
2022-06-23 20:51:56:5156 - [32minfo[39m: [32mConnected in MongoDB[39m
2022-06-23 20:51:56:5156 - [32minfo[39m: [32mlistening on 8081[39m
2022-06-23 20:52:21:5221 - [32minfo[39m: [32mConnected in MongoDB[39m
2022-06-23 20:52:21:5221 - [32minfo[39m: [32mlistening on 8081[39m
2022-06-23 21:00:20:020 - [32minfo[39m: [32mConnected in MongoDB[39m
2022-06-23 21:00:20:020 - [32minfo[39m: [32mlistening on 8081[39m
2022-06-23 21:00:51:051 - [32minfo[39m: [32mConnected in MongoDB[39m
2022-06-23 21:00:51:051 - [32minfo[39m: [32mlistening on 8081[39m
